<?xml version="1.0" encoding="UTF-8"?>
<!-- Generated by org.testng.reporters.JUnitReportReporter -->
<testsuite hostname="DESKTOP-UDVGTG9" failures="0" tests="1" name="testCases.TC001_AccountRegistrationTest" time="3.765" errors="0" timestamp="2024-06-25T23:23:54 IST" skipped="0">
  <testcase classname="testCases.TC001_AccountRegistrationTest" name="verify_account_registration" time="3.765"/>
</testsuite> <!-- testCases.TC001_AccountRegistrationTest -->
