<?xml version="1.0" encoding="UTF-8"?>
<!-- Generated by org.testng.reporters.JUnitReportReporter -->
<testsuite hostname="DESKTOP-UDVGTG9" failures="0" tests="1" name="testCases.TC002_LoginTest" time="3.548" errors="0" timestamp="2024-06-25T23:23:54 IST" skipped="0">
  <testcase classname="testCases.TC002_LoginTest" name="verify_login" time="3.548"/>
</testsuite> <!-- testCases.TC002_LoginTest -->
