<?xml version="1.0" encoding="UTF-8"?>
<!-- Generated by org.testng.reporters.JUnitReportReporter -->
<testsuite hostname="DESKTOP-UDVGTG9" failures="0" tests="1" name="testCases.TC002_LoginTest" time="1.897" errors="0" timestamp="2024-06-28T12:03:59 IST" skipped="0">
  <testcase classname="testCases.TC002_LoginTest" name="verify_login" time="1.897"/>
</testsuite> <!-- testCases.TC002_LoginTest -->
